
 2024-12-12 00:29:50: damn\ctrl\x03
 2024-12-12 00:30:33: alt\talt\t\nda\b\b\bi writ\b\bo\both\be this progr\b\bra\b\bgram\n
 2024-12-12 00:31:09: alt\t\t\t
 2024-12-12 00:31:40: yo\b\byp\bo\n
 2024-12-12 00:32:45: yo ar\br\n
 2024-12-12 00:33:10: arsenalKey.shift_r? u down\n
 2024-12-12 00:40:34: alr\nsedge\ntiem to \b\b \bo get donge\ble\nalt\talt\t
 2024-12-12 00:41:27: alt\talt\t
 2024-12-12 00:42:01: defe\b\b\b\b\b\b\b\b\b\b\b\b\bno\b\b\bdefenetly  not anything mall\b\b\b\bmaliciu\bous \n
 2024-12-12 00:43:04: Key.esc
 2024-12-12 00:44:05: caht\b\b\b\b\b\b\b\b\b\bminawan i hane\b\bve \b made a \b\b\b\b\b\b\b\b\b\b\b\b\b made a keylogger and \b name\b\b\b\b\b\b\b\b\b thats\b red\bcords all \ctrlalt
 2024-12-14 21:24:24: hellp \b\bo el\bpicKey.cmd
 2024-12-14 21:25:21:  bad no balls\nalt\talt\talt\talt\t
 2024-12-14 21:25:58: alt\ttitan no balls\nalt\t
 2024-12-14 21:26:23: \t\talt
 2024-12-14 21:27:37: alt\talt\t\ctrlalt aarruun  niigaa
 2025-01-27 00:19:52: \ctrl
 2025-01-27 00:20:06: alt\t
 2025-01-27 00:22:24: alt\t
 2025-01-27 00:29:12: alt\t\t\t\taltKey.cmdKey.cmdalt\t
 2025-01-27 00:31:50: \ctrl\x1a\ctrlKey.shift\ctrlKey.shift\ctrlalt\ctrl\ctrl\x1agg\ctrl\ctrl\x1abb\ctrl\x1a\x1a\ctrl\ctrl\x1a\ctrl\x1a\ctrl\x1a\x1a
 2025-01-27 00:32:59: \ctrl\x1a\ctrl\x1a\ctrl\x1a\ctrl\x1a\x1a\x1a\x1a
 2025-01-27 00:33:52: \ctrl\ctrl\x1a\x1a\ctrl\ctrl\ctrl\x1a\x1a\ctrl\x1a
 2025-01-27 00:34:41: \ctrl\x1a\ctrl\ctrl\x1a\x1a
 2025-01-27 00:35:12: \ctrl
 2025-01-27 00:35:29: \ctrl\x1a
 2025-01-27 00:35:44: \ctrl\x1a\x1a\x1a
 2025-01-27 00:36:02: \ctrl
 2025-01-27 00:36:02: \ctrl\ctrl\x1a\ctrl\ctrl\ctrl\x1a\x1a\x1a\ctrl\x1a\ctrl\x1a\ctrl\x1a\x1a
 2025-01-27 00:36:46: \ctrl\x1a\x1a\x1a\x1a\x1a\x1a\x1a\x1a\x1a\x1a\x1a\ctrl\x1a\x1a\ctrl\x1a\ctrl\x1a\ctrl\x1a
 2025-01-27 00:37:09: \ctrl\x1a\x1a\x1a\x1a\ctrl\x1a\ctrl\ctrl\x1a\x1a\x1a\ctrl\x1a\x1a\x1a\x1a\x1a\x1a\ctrl\x1a\x1a\ctrl\x1a
 2025-01-27 00:37:58: \ctrl\ctrl\x1a
 2025-01-27 00:38:24: \ctrl\x1a\x1a\ctrl\x1a\x1a
 2025-01-27 00:38:52: \ctrl\x1a\ctrl\x1a\ctrl\x1aKey.shiftKey.shift\ctrl\x1a\x1aKey.shift\ctrl\x1a\x1a\ctrl
 2025-01-27 00:39:59: \ctrl\x1a\x1a\x1a\ctrl\ctrl\x1a
 2025-01-27 00:40:12: \ctrl\x1a\x1a\x1a\x1a\x1a\x1a\x1a\x1a
 2025-01-27 00:40:29: \ctrl\x1a\x1a\x1a\x1a\x1a\ctrl\x1a\ctrl\x1a\x1a\ctrl\x1a\ctrl\x1a\ctrl\x1a\x1a
 2025-01-27 00:41:07: alt\taltalt\t\talt\t\t
 2025-01-27 00:41:21: guunn\n
 2025-01-27 00:41:36: \ctrl\x1a\ctrl\x1a\ctrl\x1a
 2025-01-27 00:42:17: \ctrl\x1a\ctrl\x1a\ctrl\x1a\ctrl\x1a\x1a\ctrl\x1a\x1a
 2025-01-27 00:42:47: \ctrl\x1a\ctrl\x1a\x1a\x1a\ctrl\ctrl\x1a\ctrl\x1a\x1a\x1a\x1a\ctrl\x1a
 2025-01-27 00:43:11: \ctrl\x1a
 2025-01-27 00:43:34: \ctrl\x1a\x1a\ctrl\x1a\x1a\ctrl\x1a\x1a\ctrl\x1a\ctrl\ctrl\x1a\x1a\ctrl\x1a\x1a\ctrl\x1a\ctrl\x1a\ctrl\x1a\x1a\x1a\x1a\x1a\x1a\x1a\ctrl\x1a\x1a\ctrl\x1a\x1a\ctrl\x1az\ctrl\ctrl\x1a\x1a\ctrl\x1a\ctrl\x1a\x1a\x1a\x1a\x1a\x1a\x1a\x1a\ctrl\x1a\x1a\ctrl\x1a
 2025-01-27 00:44:57: alt\t\talt
 2025-01-27 00:46:23: alt\tKey.escaltzzKey.escaltraltz
 2025-01-27 00:48:13: alt\t
 2025-01-27 00:48:33: \ctrl\x0e\x0eKey.deleteKey.delete
 2025-01-27 00:48:55: Key.escssKey.escsz
 2025-01-27 00:49:24: s
 2025-01-27 00:49:24: sy\ctrl\x03\x03\ctrl\ctrl\x16gzzKey.escKey.escggy11\b4\b22\n\nssyssxggxxzyaasszzgzKey.shiftsszgzz
 2025-01-27 00:51:11: sxKey.shiftAry90\nssgxxszztyxgxxggzx\ctrl\x18\x18\ctrl\x03\ctrl\x03\ctrl\x16\x16ggxx`Key.shiftKey.shiftggx``Key.shiftKey.shiftgzxxKey.shiftKey.shiftKey.shiftgz
 2025-01-27 00:52:44: gzKey.shiftrx
 2025-01-27 00:53:15: g
 2025-01-27 00:53:15: gxyy
 2025-01-27 00:53:34: alt\talt\t\t
 2025-01-27 00:53:49: Key.shift
 2025-01-27 00:53:49: Key.shiftA
 2025-01-27 00:54:00: Key.shiftKey.shiftKey.shiftBoddy  \n
 2025-01-27 00:54:18: armmour\n\ctrl\ctrl\x13\ctrl\x01\x01ta\b\b\b\b\bKey.shiftP\bTTankkKey.shift Key.shiftPrrooject\nKey.shift_r\n\taltz\t\t\t\t````````````````````````````````````````````````````````````````````````````````````````````````````````````gxyggzggzzgxxzKey.escggxxzzKey.escggzzxyy\ctrl\x02\x02
 2025-01-27 00:55:53: 2Key.shiftKey.shiftKey.shiftKey.shiftKey.shift\ctrl\x02\x02
 2025-01-27 00:56:25: \ctrl\x12\x12\ctrl\x1a\x1a\x1aKey.esc\ctrl\x1a\x1a\x1a\ctrl\x1a\x1a\x1a\x1a\x1a\x1a\x1a\x1a\x1a\x1a\x1a\x1a\ctrl\x12\ctrl\x12\x12
 2025-01-27 00:56:57: `````````````
 2025-01-27 00:57:09: `
 2025-01-27 00:57:09: `````````````Key.shift\ctrl\ctrl\x1a\x1a\x1a\x1a\x1a\x1a\x1a\x1a\x1a\x1a\x1a\x1a\ctrl\x12\x12
 2025-01-27 00:57:32: Key.deleteKey.delete\nKey.shiftKey.shiftKey.shiftffffffKey.shiftff\ctrl\x02Key.esc\ctrl\x02\x02gzzs
 2025-01-27 00:58:56: Key.shift
 2025-01-27 00:58:56: Key.shiftKey.shift\ctrl\x1a\x1a\x1agzgzzsszKey.escgz\ctrl\x12Key.esc\ctrl\x1a\x1a\ctrl\x12\x12
 2025-01-27 00:59:53: 2211ggzz\ctrl\x1aKey.shiftggz
 2025-01-27 01:00:21: Key.shiftKey.shiftKey.shiftgzKey.escKey.shiftggzssxKey.escssx2alts\ctrl\x1aKey.shiftaltssKey.escsszKey.escsxKey.escssy
 2025-01-27 01:01:37: Key.escaltsxy
 2025-01-27 01:01:54:   1ggxxyy  altaaKey.cmdKey.cmdKey.cmdKey.cmdKey.cmdKey.cmdKey.cmdKey.shiftKey.shiftKey.escKey.shiftKey.shiftgxy
 2025-01-27 01:02:57: gzgguygxxyaltrr\ctrl\x12\x12ggxxy
 2025-01-27 01:03:43: Key.shiftggsKey.escss
 2025-01-27 01:04:25: Key.shiftgxy
 2025-01-27 01:04:45: Key.shift
 2025-01-27 01:04:45: Key.shiftggzzyggzzsKey.esc   Key.escKey.escaltaKey.shiftKey.shiftsKey.esc   altaaKey.shifts\ctrl\ctrl\x1a\ctrl\x12Key.esc\ctrl\x12Key.esc\ctrl\x12\x12Key.escgKey.esc\ctrl\x12\x12
 2025-01-27 01:06:23: Key.esc3Key.shiftKey.shiftKey.delete\nKey.shift
 2025-01-27 01:08:07:  vv1\n
 2025-01-27 01:08:21: v2\n\ctrlKey.shiftAAs\t\ctrl\x1a\ctrl\x1a\x1a\ctrl\x1a\ctrl\x1a\x1a\ctrlKey.shift\x1a\t\ctrlKey.shiftA
 2025-01-27 01:09:01: Key.shiftgxxKey.esc```````ggsssx```````````````````````````````````````g\ctrl\ctrl\x12\t\ctrl\x12
 2025-01-27 01:09:49: sKey.esc    ssxzzxxKey.shiftKey.shiftgxxzKey.shift``Key.escKey.esc11x2Key.shifteeKey.escez
 2025-01-27 01:11:03: \tggzz
 2025-01-27 01:11:18: szxuy\t11ggxxzzsssaaaasssz
 2025-01-27 01:12:09: `\tKey.shiftKey.shiftAAgxxzzysgKey.escKey.delete\t\t2eexzyKey.escKey.escKey.shiftKey.shift  \ctrl\x1a\x1aKey.shiftKey.shiftKey.shiftKey.shiftEEKey.shiftKey.esceexxyyss
 2025-01-27 01:13:10: gzzgyyexzsgygzzxKey.escggyggysgysszss223311Key.shiftKey.shiftf\ctrl\x1a\x1a\x1afKey.shiftKey.shiftffKey.shiftKey.shiftffKey.shiftf32211sKey.escs00..Key.escs0..55\nKey.shifts00.55\nrrxggzKey.shiftggxxzgzgyKey.shifthh\ctrl\x1aKey.shift
 2025-01-27 01:16:39: \ctrl\tKey.shiftAA
 2025-01-27 01:17:29: Key.deleteKey.shiftAA\tasszxxyy22\ctrl\x02\x02\ctrl\x02\ctrl\x12\x12
 2025-01-27 01:18:13: Key.esc\ctrl\x12\x12Key.esc\ctrl\ctrl\x1a\x1a\x1a\x1a\x1a\x1a\x1a\x1a\x1a
 2025-01-27 01:18:49: \ctrl\x1a\x1agz   altaaKey.esc`Key.esc``altaltKey.shiftaltaltszyxx
 2025-01-27 01:19:58: Key.shift\ctrl\x02Key.esc\ctrl\x02  \ctrl\x02\x02Key.shift
 2025-01-27 01:20:42: g
 2025-01-27 01:20:42: gxxygxyy
 2025-01-27 01:21:03: g
 2025-01-27 01:21:03: gxxyy
 2025-01-27 01:21:15: x
 2025-01-27 01:21:26: \ctrl\x1aKey.escxsxy
 2025-01-27 01:22:02: gzzgxy\ctrl\x12
 2025-01-27 01:22:50: 1Key.shiftKey.shiftszzyxx\ctrl\x1a\x1aKey.shiftffKey.shiftff\ctrl\x1a\x1a\x1aKey.shiftfKey.shiftKey.shiftKey.shiftKey.shift\ctrlfKey.shiftsxxsszx````Key.shiftKey.shiftKey.shiftKey.shiftKey.shiftKey.shiftf``````````````````````````````````````````````````````````Key.shift
 2025-01-27 01:24:38: \ctrlaltalt3xx1Key.shift   \ctrlaltaKey.shiftKey.shiftKey.shiftKey.shiftKey.shiftKey.shiftKey.shiftff3x11Key.shiftKey.shiftKey.shiftfKey.shiftss
 2025-01-27 01:26:42: 2
 2025-01-27 01:26:42: 2Key.shifts
 2025-01-27 01:27:01: gzz
 2025-01-27 01:27:15: `
 2025-01-27 01:27:15: ````````````````````````````````Key.shift1gg\ctrl\ctrl\x1a\x1agx\ctrl\x1aggxzzyy\ctrl\x1a\x1aggy
 2025-01-27 01:28:02: ````````````````````````````````Key.shiftKey.shiftggzyyKey.shiftKey.shiftsx
 2025-01-27 01:28:54: \ctrl\x13\x13alt\t\taltalt\t\talt\taltalt\t\tsy33Key.shiftKey.shiftsKey.escsxttygg\ctrl\x1a1Key.shiftKey.shiftggzzggxxKey.escggsszKey.escgzggxyysssssxygzzxyKey.shiftggzxyyrxrrxxgxxKey.escggyKey.esc\ctrl\x1a\x1agxyyggzgxxyygxxzz
 2025-01-27 01:31:50: Key.shiftx
 2025-01-27 01:32:03: Key.shift
 2025-01-27 01:32:03: Key.shiftxxKey.shiftKey.shiftKey.shiftKey.shiftKey.shiftKey.shiftKey.shiftKey.shiftfKey.caps_lockKey.caps_lockKey.caps_lockKey.caps_lockKey.caps_lockKey.caps_lockKey.caps_lockKey.caps_lockKey.caps_lockKey.caps_lockKey.caps_lockKey.caps_lockKey.caps_lockKey.caps_lockKey.caps_lockKey.caps_lockKey.caps_lockKey.caps_lockKey.caps_lockKey.caps_lockKey.caps_lockKey.caps_lockKey.caps_lockKey.caps_lockKey.caps_lockKey.caps_lockKey.caps_lockKey.caps_lockKey.caps_lockKey.caps_lockKey.caps_lockKey.caps_lockKey.caps_lockKey.caps_lockKey.caps_lockKey.caps_lockKey.caps_lockKey.caps_lockKey.caps_lockKey.caps_lockKey.caps_lockKey.caps_lockKey.caps_lockKey.caps_lockKey.caps_lockKey.caps_lockKey.caps_lockKey.caps_lockKey.caps_lockKey.caps_lockKey.caps_lockKey.caps_lockKey.caps_lockKey.caps_lockKey.caps_lockKey.caps_lockKey.caps_lockKey.caps_lockKey.caps_lockKey.caps_lockKey.caps_lockKey.caps_lockKey.caps_lockKey.caps_lockKey.caps_lockKey.caps_lockKey.caps_lockKey.caps_lockKey.caps_lockKey.caps_lockKey.caps_lockKey.caps_lockKey.caps_lockKey.caps_lockKey.caps_lockKey.caps_lockKey.caps_lockKey.caps_lockKey.caps_lockKey.caps_lockKey.caps_lockKey.caps_lockKey.caps_lockKey.caps_lockKey.caps_lockKey.caps_lockKey.caps_lockKey.caps_lockKey.caps_lockKey.caps_lockKey.caps_lockKey.caps_lockKey.caps_lockKey.caps_lockKey.caps_lockKey.caps_lockKey.caps_lockKey.caps_lockKey.caps_lockKey.caps_lockKey.caps_lockKey.caps_lockKey.caps_lockKey.caps_lockKey.caps_lockKey.caps_lockKey.caps_lockKey.caps_lockKey.caps_lockKey.caps_lockKey.caps_lockKey.caps_lockKey.caps_lockKey.caps_lockKey.shiftKey.shiftKey.shiftKey.shiftffKey.shiftKey.shiftffKey.shiftKey.shiftKey.shiftfKey.shift3Key.shiftKey.shiftKey.shiftr`Key.escKey.escss
 2025-01-27 01:33:27: s
 2025-01-27 01:33:27: sKey.shiftKey.shift221ggxy\ctrl\x12\x1211gzz
 2025-01-27 01:34:12: gzggzz\ctrl\x12\ctrl\x12\x12   altaaKey.shiftKey.shiftKey.shiftgy``````````````````Key.escgg`Key.shiftgKey.shiftKey.shiftKey.shiftKey.shiftKey.shiftggyygzxxzKey.shiftgz
 2025-01-27 01:35:57: Key.shift
 2025-01-27 01:35:57: Key.shift``````````````````````````````````````````````````````````````g
 2025-01-27 01:36:20: 2  alta\ctrl\x02rxx33ggxxrryx\ctrl\x1a\x1a\x1a\x1arKey.esc\ctrl\x1a\x1a\ctrl\x1a\x1a\x1a\x1a\x1a\x1a\x1a\x1a\x1a\ctrl\ctrlKey.shiftKey.shift\x1a\x1a\x1a\x1a\x1a\x1a\x1a\x1a\x1a\x1a\x1a\x1a\ctrl\x1a\x1a\x1a\x1a\x1a\x1a\x1a\x1a\x1a\x1a\x1a\x1a\x1a\x1arryxx\ctrl\x1a\x1arx  1Key.shiftKey.shift
 2025-01-27 01:38:02: r
 2025-01-27 01:38:02: rxrrzzKey.escrryyKey.escrrxKey.caps_lockKey.caps_lockKey.shiftrrxx
 2025-01-27 01:38:45: \ctrl\x02\x02Key.esc
 2025-01-27 01:39:00: 2
 2025-01-27 01:39:00: 2Key.shiftKey.shiftKey.shiftsxx
 2025-01-27 01:39:29: Key.shiftsKey.shiftKey.shiftggyyss
 2025-01-27 01:40:08: \ctrl\x12\x12\ctrl\x1a\ctrl\ctrl\x12  altaaKey.shiftKey.shiftgKey.escs`Key.shiftKey.shiftKey.shiftKey.shiftKey.shiftssKey.escsxxKey.shiftKey.shiftKey.shiftgxyy
 2025-01-27 01:41:18: x\ctrl\x1a\x1a\x1a\x1a\x1a\x1a\x1a
 2025-01-27 01:41:57: Key.shiftKey.shiftKey.shiftsKey.delete\n\ctrl\x1aKey.deleteKey.shift```Key.escKey.escfKey.shift1Key.shift  Key.deleteKey.escKey.shiftKey.shiftffKey.shiftKey.shiftffKey.shiftKey.shiftKey.shiftKey.shiftff\ctrl\x1a\x1aKey.shiftKey.shiftf\ctrl\x1a\x1aKey.shiftffKey.shiftffKey.shiftffKey.shiftKey.shiftffKey.shiftKey.shiftKey.shiftffdf\ctrl\x1a\x1a\ctrl\x1a\x1affKey.delete22Key.delete\ctrl\x1a\x1aKey.delete3ssKey.esc1``````gggggg``````Key.caps_lockrxxzyyzz445\ngzyrrz455--\ngzzxxy
 2025-01-27 01:45:56: Key.shiftggKey.shiftaltKey.shiftKey.shiftggaltKey.shiftKey.shiftg\ctrl\x1a\x1a\x1a\ctrl\x1a\x1a\x1a\x1a\ctrl\x1a\x1a\x1a\x1a\ctrlKey.shift\x1a\x1aggyKey.esc``Key.shiftKey.shift``gKey.shiftgKey.shift\ctrl\x1a`gggg
 2025-01-27 01:48:09: g
 2025-01-27 01:48:22: ```````````````````````Key.shiftKey.shiftKey.shiftKey.shift`Key.shiftgggg
 2025-01-27 01:49:08: \ctrl\x1a\x1a\ctrlKey.shiftKey.shift\x1a\x1a
 2025-01-27 01:49:23: Key.shiftKey.shiftKey.shiftgzzKey.caps_lockKey.caps_lockKey.caps_lockKey.caps_lockKey.caps_lockKey.caps_lockKey.caps_lockKey.caps_lockKey.caps_lockKey.caps_lockKey.caps_lockKey.caps_lockKey.caps_lockKey.caps_lockKey.caps_lockKey.caps_lockKey.caps_lockKey.caps_lockKey.caps_lockKey.caps_lockKey.caps_lockKey.caps_lockKey.caps_lockKey.caps_lockKey.caps_lockKey.caps_lockKey.caps_lockKey.caps_lockKey.caps_lockKey.caps_lockKey.caps_lockKey.caps_lockKey.caps_lockKey.caps_lockKey.caps_lockKey.caps_lockKey.caps_lockKey.caps_lockKey.caps_lockKey.caps_lockKey.shiftKey.shiftKey.shiftgzggyyKey.shiftKey.shiftKey.shiftggzzf\ctrl\x1a\x1af\ctrl\x1a\x1aggygyyssx
 2025-01-27 01:50:31: g
 2025-01-27 01:50:31: gxyggyyggzzgxKey.shiftKey.shiftKey.shiftgy\ctrl\x1a\x1a\x1a
 2025-01-27 01:51:32: Key.shift3   altaKey.shift\t\t
 2025-01-27 01:52:17: 1Key.deleteKey.shift`Key.shiftKey.shiftgKey.shiftKey.shiftgKey.shiftKey.shiftKey.shiftKey.shiftKey.shiftffx\n``Key.shiftgggKey.shift\t\t``````````````````````````````Key.shiftKey.shiftKey.shiftKey.shiftf
 2025-01-27 01:53:48: 3Key.deleteKey.escKey.shiftKey.shiftKey.cmdKey.shiftKey.shiftSaltalt\t
 2025-01-27 01:54:31: Key.cmd
 2025-01-27 01:54:31: Key.cmd
 2025-01-27 01:54:52: \n\n
 2025-01-27 01:55:24: \ctrlKey.shift\x13\x13
 2025-01-27 01:55:40: \ctrl\x13
 2025-01-27 01:56:26: \ctrl\x16\nKey.cmdKey.cmdvvalt\t\t\ctrl\x16ii  k\bmiightt hhaavve coookkedd\n\ctrl\x0c\x0cKey.cmdll
 2025-01-27 02:04:43: \n
 2025-01-27 02:05:14: \ctrl\x13
 2025-01-27 02:10:36: o
 2025-01-27 02:10:36: onee\b\b\b\b\bcco\n2<255><255><255><255><255>
 2025-01-27 02:13:12: <255>
 2025-01-27 02:13:12: <255><255><255>
 2025-01-27 02:23:21: \ctrl\x16\x16
 2025-01-27 02:51:41: alt\t\talt\talt\tKey.cmdKey.cmdaltKey.f4\n
 2025-04-06 01:29:46: \ctrlKey.shiftKey.esc
 2025-04-06 01:30:16: a danish r\barun niggerr
 2025-04-06 01:30:43: alt\talt\talt\t google hellllo\b\b\b\b\b\b\b\b\b\b\b\b\b\b\b\b\b\b\b\b\b\b\b\b\b\b\b\b\b\b\b\b\b\b\b\b\b\b\b\b\b\b\b\b\b\b\b\b\b\b\b\b\b\b\b\b\b\b\b\b\b\b\b\b\b\b\b\bwwwwwwwwwwwwwww\ctrl\x01\b\ctrlalt
 2025-04-06 01:34:17: alt\talt\t\t
 2025-04-06 01:34:41: exe\tKey.shift_r()
 2025-04-06 01:35:02: \ctrl<191>
 2025-04-06 01:35:45: \b\b\ctrl\nKey.shift_r\na = Key.shift_r"printKey.shift_r(helloKey.shift_r"'" worlf\bdKey.shift_r"\b"'"Key.shift_rKey.shift_r)Key.shift_r"\nexecKey.shift_r(aKey.shift_r)\n
 2025-04-06 01:36:49: alt\tKey.shift\t
 2025-04-06 01:39:56: alt\t
 2025-04-06 02:03:46: alte